Выборка с: 21/Sep/2020:13:40:16+0000  по: 21/Sep/2020:13:41:42+0000
 Топ-5 IP-адресов с указанием кол-ва запросов c момента последнего запуска скрипта
   5372 10.0.0.1
    685 10.0.0.78
    326 10.0.0.107
     58 193.28.44.23
     23 217.66.159.152
 Топ-5  запрашиваемых адресов с указанием кол-ва запросов c момента последнего запуска скрипта
    366 /srv/NeedShowTutorial
    323 /assets/img/favicon.ico
    247 /srv/GetAllRegionsExt
    230 /srv/getDiscountOperationInfo
    196 /srv/GetActiveCustomerDiscountOperations
 Список всех кодов возврата с указанием их кол-ва с момента последнего запуска
   6153 200
    228 101
    121 "-"
     94 405
     76 304
     37 158
     15 404
     10 499
      5 502
      5 400
      4 204
      2 415
      2 401
      1 \x00>\x13\x02\x13\x03\x13\x01\xC0,\xC00\x00\x9F\xCC\xA9\xCC\xA8\xCC\xAA\xC0+\xC0/\x00\x9E\xC0$\xC0(\x00k\xC0#\xC0'\x00g\xC0"
      1 500
 Все коды ошибок HTTP c момента последнего запуска (с сортировкой по количеству)
     94 405
     15 404
     10 499
      5 502
      5 400
      2 415
      2 401
      1 500
